  [1m[35m (2.6ms)[0m  [1m[34mSELECT sqlite_version(*)[0m
  [1m[36mTool Load (0.4ms)[0m  [1m[34mSELECT "tools".* FROM "tools" ORDER BY "tools"."id" ASC LIMIT ?[0m  [["LIMIT", 1]]
  [1m[35m (1.9ms)[0m  [1m[34mSELECT sqlite_version(*)[0m
  [1m[36mTool Load (0.3ms)[0m  [1m[34mSELECT "tools".* FROM "tools" ORDER BY "tools"."id" ASC LIMIT ?[0m  [["LIMIT", 1]]
  [1m[35m (2.7ms)[0m  [1m[34mSELECT sqlite_version(*)[0m
  [1m[36mTool Load (0.2ms)[0m  [1m[34mSELECT "tools".* FROM "tools" ORDER BY "tools"."id" ASC LIMIT ?[0m  [["LIMIT", 1]]
  [1m[35m (2.6ms)[0m  [1m[34mSELECT sqlite_version(*)[0m
  [1m[36mTool Load (0.2ms)[0m  [1m[34mSELECT "tools".* FROM "tools" ORDER BY "tools"."id" ASC LIMIT ?[0m  [["LIMIT", 1]]
  [1m[36mHowTo Load (0.2ms)[0m  [1m[34mSELECT "how_tos".* FROM "how_tos" ORDER BY "how_tos"."id" ASC LIMIT ?[0m  [["LIMIT", 1]]
  [1m[35m (2.0ms)[0m  [1m[34mSELECT sqlite_version(*)[0m
  [1m[36mHowTo Load (0.3ms)[0m  [1m[34mSELECT "how_tos".* FROM "how_tos" ORDER BY "how_tos"."id" ASC LIMIT ?[0m  [["LIMIT", 1]]
  [1m[36mCookbook::Use Load (0.4ms)[0m  [1m[34mSELECT "cookbook_uses".* FROM "cookbook_uses" WHERE "cookbook_uses"."use_of_id" = ? AND "cookbook_uses"."use_of_type" = ? AND "cookbook_uses"."use_in_type" = ? /* loading for inspect */ LIMIT ?[0m  [["use_of_id", 1], ["use_of_type", "HowTo"], ["use_in_type", "Tool"], ["LIMIT", 11]]
  [1m[36mTool Load (0.3ms)[0m  [1m[34mSELECT "tools".* FROM "tools" INNER JOIN "cookbook_uses" ON "tools"."id" = "cookbook_uses"."use_in_id" WHERE "cookbook_uses"."use_of_id" = ? AND "cookbook_uses"."use_of_type" = ? AND "cookbook_uses"."use_in_type" = ? /* loading for inspect */ LIMIT ?[0m  [["use_of_id", 1], ["use_of_type", "HowTo"], ["use_in_type", "Tool"], ["LIMIT", 11]]
  [1m[36mSupply Load (0.2ms)[0m  [1m[34mSELECT "supplies".* FROM "supplies" INNER JOIN "cookbook_uses" ON "supplies"."id" = "cookbook_uses"."use_in_id" WHERE "cookbook_uses"."use_of_id" = ? AND "cookbook_uses"."use_of_type" = ? AND "cookbook_uses"."use_in_type" = ? /* loading for inspect */ LIMIT ?[0m  [["use_of_id", 1], ["use_of_type", "HowTo"], ["use_in_type", "Supply"], ["LIMIT", 11]]
  [1m[36mCookbook::Use Load (0.2ms)[0m  [1m[34mSELECT "cookbook_uses".* FROM "cookbook_uses" WHERE "cookbook_uses"."use_of_id" = ? AND "cookbook_uses"."use_of_type" = ? AND "cookbook_uses"."use_in_type" = ? /* loading for inspect */ LIMIT ?[0m  [["use_of_id", 1], ["use_of_type", "HowTo"], ["use_in_type", "Supply"], ["LIMIT", 11]]
  [1m[36mCookbook::Use Load (0.3ms)[0m  [1m[34mSELECT "cookbook_uses".* FROM "cookbook_uses" WHERE "cookbook_uses"."use_of_id" = ? AND "cookbook_uses"."use_of_type" = ? /* loading for inspect */ LIMIT ?[0m  [["use_of_id", 1], ["use_of_type", "HowTo"], ["LIMIT", 11]]
  [1m[36mHowTo Load (0.4ms)[0m  [1m[34mSELECT "how_tos".* FROM "how_tos" ORDER BY "how_tos"."id" DESC LIMIT ?[0m  [["LIMIT", 1]]
  [1m[36mCookbook::Use Load (0.3ms)[0m  [1m[34mSELECT "cookbook_uses".* FROM "cookbook_uses" WHERE "cookbook_uses"."use_of_id" = ? AND "cookbook_uses"."use_of_type" = ? /* loading for inspect */ LIMIT ?[0m  [["use_of_id", 5], ["use_of_type", "HowTo"], ["LIMIT", 11]]
  [1m[36mCookbook::Use Load (0.3ms)[0m  [1m[34mSELECT "cookbook_uses".* FROM "cookbook_uses" ORDER BY "cookbook_uses"."id" ASC LIMIT ?[0m  [["LIMIT", 1]]
  [1m[36mHowTo Load (0.3ms)[0m  [1m[34mSELECT "how_tos".* FROM "how_tos" WHERE "how_tos"."id" = ? LIMIT ?[0m  [["id", 1], ["LIMIT", 1]]
  [1m[36mSupply Load (0.4ms)[0m  [1m[34mSELECT "supplies".* FROM "supplies" INNER JOIN "cookbook_uses" ON "supplies"."id" = "cookbook_uses"."use_in_id" WHERE "cookbook_uses"."use_of_id" = ? AND "cookbook_uses"."use_of_type" = ? AND "cookbook_uses"."use_in_type" = ? /* loading for inspect */ LIMIT ?[0m  [["use_of_id", 1], ["use_of_type", "HowTo"], ["use_in_type", "Supply"], ["LIMIT", 11]]
  [1m[36mCookbook::Use Load (0.2ms)[0m  [1m[34mSELECT "cookbook_uses".* FROM "cookbook_uses" WHERE "cookbook_uses"."use_of_id" = ? AND "cookbook_uses"."use_of_type" = ? /* loading for inspect */ LIMIT ?[0m  [["use_of_id", 1], ["use_of_type", "HowTo"], ["LIMIT", 11]]
  [1m[35m (1.7ms)[0m  [1m[34mSELECT sqlite_version(*)[0m
  [1m[36mHowTo Load (0.4ms)[0m  [1m[34mSELECT "how_tos".* FROM "how_tos" WHERE "how_tos"."id" = ? LIMIT ?[0m  [["id", 1], ["LIMIT", 1]]
  [1m[36mHowTo Load (0.3ms)[0m  [1m[34mSELECT "how_tos".* FROM "how_tos" WHERE "how_tos"."id" = ? LIMIT ?[0m  [["id", 1], ["LIMIT", 1]]
  [1m[35m (1.3ms)[0m  [1m[34mSELECT sqlite_version(*)[0m
  [1m[36mHowTo Load (0.3ms)[0m  [1m[34mSELECT "how_tos".* FROM "how_tos" WHERE "how_tos"."id" = ? LIMIT ?[0m  [["id", 1], ["LIMIT", 1]]
  [1m[36mCookbook::Use Load (0.4ms)[0m  [1m[34mSELECT "cookbook_uses".* FROM "cookbook_uses" WHERE "cookbook_uses"."use_of_id" = ? AND "cookbook_uses"."use_of_type" = ? /* loading for inspect */ LIMIT ?[0m  [["use_of_id", 1], ["use_of_type", "HowTo"], ["LIMIT", 11]]
  [1m[36mCookbook::Use Load (0.3ms)[0m  [1m[34mSELECT "cookbook_uses".* FROM "cookbook_uses" ORDER BY "cookbook_uses"."id" ASC LIMIT ?[0m  [["LIMIT", 1]]
  [1m[36mHowTo Load (0.2ms)[0m  [1m[34mSELECT "how_tos".* FROM "how_tos" WHERE "how_tos"."id" = ? LIMIT ?[0m  [["id", 1], ["LIMIT", 1]]
  [1m[36mCookbook::Use Load (0.2ms)[0m  [1m[34mSELECT "cookbook_uses".* FROM "cookbook_uses" WHERE "cookbook_uses"."use_of_id" = ? AND "cookbook_uses"."use_of_type" = ? /* loading for inspect */ LIMIT ?[0m  [["use_of_id", 1], ["use_of_type", "HowTo"], ["LIMIT", 11]]
  [1m[35m (2.3ms)[0m  [1m[34mSELECT sqlite_version(*)[0m
  [1m[36mCookbook::Use Load (0.2ms)[0m  [1m[34mSELECT "cookbook_uses".* FROM "cookbook_uses" ORDER BY "cookbook_uses"."id" ASC LIMIT ?[0m  [["LIMIT", 1]]
  [1m[36mHowTo Load (0.3ms)[0m  [1m[34mSELECT "how_tos".* FROM "how_tos" WHERE "how_tos"."id" = ? LIMIT ?[0m  [["id", 1], ["LIMIT", 1]]
  [1m[36mCookbook::Use Load (0.3ms)[0m  [1m[34mSELECT "cookbook_uses".* FROM "cookbook_uses" WHERE "cookbook_uses"."use_of_id" = ? AND "cookbook_uses"."use_of_type" = ? /* loading for inspect */ LIMIT ?[0m  [["use_of_id", 1], ["use_of_type", "HowTo"], ["LIMIT", 11]]
  [1m[36mHowTo Load (0.3ms)[0m  [1m[34mSELECT "how_tos".* FROM "how_tos" WHERE "how_tos"."id" = ? LIMIT ?[0m  [["id", 1], ["LIMIT", 1]]
  [1m[36mCookbook::Use Load (0.2ms)[0m  [1m[34mSELECT "cookbook_uses".* FROM "cookbook_uses" WHERE "cookbook_uses"."use_of_id" = ? AND "cookbook_uses"."use_of_type" = ? /* loading for inspect */ LIMIT ?[0m  [["use_of_id", 1], ["use_of_type", "HowTo"], ["LIMIT", 11]]
  [1m[36mTool Load (0.3ms)[0m  [1m[34mSELECT "tools".* FROM "tools" ORDER BY "tools"."id" ASC LIMIT ?[0m  [["LIMIT", 1]]
  [1m[35m (2.7ms)[0m  [1m[34mSELECT sqlite_version(*)[0m
  [1m[36mTool Load (0.3ms)[0m  [1m[34mSELECT "tools".* FROM "tools" ORDER BY "tools"."id" ASC LIMIT ?[0m  [["LIMIT", 1]]
  [1m[36mCookbook::Use Load (0.5ms)[0m  [1m[34mSELECT "cookbook_uses".* FROM "cookbook_uses" WHERE "cookbook_uses"."use_in_id" = ? AND "cookbook_uses"."use_in_type" = ? /* loading for inspect */ LIMIT ?[0m  [["use_in_id", 1], ["use_in_type", "Tool"], ["LIMIT", 11]]
  [1m[35m (2.5ms)[0m  [1m[34mSELECT sqlite_version(*)[0m
  [1m[36mTool Load (0.3ms)[0m  [1m[34mSELECT "tools".* FROM "tools" ORDER BY "tools"."id" ASC LIMIT ?[0m  [["LIMIT", 1]]
  [1m[36mCookbook::Use Load (0.4ms)[0m  [1m[34mSELECT "cookbook_uses".* FROM "cookbook_uses" WHERE "cookbook_uses"."use_of_id" = ? AND "cookbook_uses"."use_of_type" = ? /* loading for inspect */ LIMIT ?[0m  [["use_of_id", 1], ["use_of_type", "Tool"], ["LIMIT", 11]]
  [1m[35m (1.4ms)[0m  [1m[34mSELECT sqlite_version(*)[0m
  [1m[36mTool Load (0.2ms)[0m  [1m[34mSELECT "tools".* FROM "tools" ORDER BY "tools"."id" ASC LIMIT ?[0m  [["LIMIT", 1]]
  [1m[36mCookbook::Use Load (0.4ms)[0m  [1m[34mSELECT "cookbook_uses".* FROM "cookbook_uses" WHERE "cookbook_uses"."use_of_id" = ? AND "cookbook_uses"."use_of_type" = ? /* loading for inspect */ LIMIT ?[0m  [["use_of_id", 1], ["use_of_type", "Tool"], ["LIMIT", 11]]
  [1m[36mCookbook::Use Load (0.3ms)[0m  [1m[34mSELECT "cookbook_uses".* FROM "cookbook_uses" WHERE "cookbook_uses"."use_of_id" = ? AND "cookbook_uses"."use_of_type" = ? /* loading for inspect */ LIMIT ?[0m  [["use_of_id", 1], ["use_of_type", "Tool"], ["LIMIT", 11]]
  [1m[35m (1.8ms)[0m  [1m[34mSELECT sqlite_version(*)[0m
  [1m[36mTool Load (0.2ms)[0m  [1m[34mSELECT "tools".* FROM "tools" ORDER BY "tools"."id" ASC LIMIT ?[0m  [["LIMIT", 1]]
  [1m[35m (2.1ms)[0m  [1m[34mSELECT sqlite_version(*)[0m
  [1m[36mTool Load (0.2ms)[0m  [1m[34mSELECT "tools".* FROM "tools" ORDER BY "tools"."id" ASC LIMIT ?[0m  [["LIMIT", 1]]
  [1m[36mCookbook::Use Load (0.5ms)[0m  [1m[34mSELECT "cookbook_uses".* FROM "cookbook_uses" WHERE "cookbook_uses"."use_of_id" = ? AND "cookbook_uses"."use_of_type" = ? /* loading for inspect */ LIMIT ?[0m  [["use_of_id", 1], ["use_of_type", "Tool"], ["LIMIT", 11]]
  [1m[36mCookbook::Use Load (0.5ms)[0m  [1m[34mSELECT "cookbook_uses".* FROM "cookbook_uses" WHERE "cookbook_uses"."use_in_id" = ? AND "cookbook_uses"."use_in_type" = ? AND "cookbook_uses"."use_of_type" = ? /* loading for inspect */ LIMIT ?[0m  [["use_in_id", 1], ["use_in_type", "Tool"], ["use_of_type", "HowTo"], ["LIMIT", 11]]
  [1m[35m (1.3ms)[0m  [1m[34mSELECT sqlite_version(*)[0m
  [1m[36mTool Load (0.2ms)[0m  [1m[34mSELECT "tools".* FROM "tools" ORDER BY "tools"."id" ASC LIMIT ?[0m  [["LIMIT", 1]]
  [1m[36mCookbook::Use Load (0.3ms)[0m  [1m[34mSELECT "cookbook_uses".* FROM "cookbook_uses" WHERE "cookbook_uses"."use_of_id" = ? AND "cookbook_uses"."use_of_type" = ? /* loading for inspect */ LIMIT ?[0m  [["use_of_id", 1], ["use_of_type", "Tool"], ["LIMIT", 11]]
  [1m[36mCookbook::Use Load (0.5ms)[0m  [1m[34mSELECT "cookbook_uses".* FROM "cookbook_uses" WHERE "cookbook_uses"."use_of_id" = ? AND "cookbook_uses"."use_of_type" = ? AND "cookbook_uses"."use_in_type" = ? /* loading for inspect */ LIMIT ?[0m  [["use_of_id", 1], ["use_of_type", "Tool"], ["use_in_type", "HowTo"], ["LIMIT", 11]]
  [1m[36mCookbook::Use Load (0.3ms)[0m  [1m[34mSELECT "cookbook_uses".* FROM "cookbook_uses" WHERE "cookbook_uses"."use_of_id" = ? AND "cookbook_uses"."use_of_type" = ? AND "cookbook_uses"."use_in_type" = ? /* loading for inspect */ LIMIT ?[0m  [["use_of_id", 1], ["use_of_type", "Tool"], ["use_in_type", "Recipe"], ["LIMIT", 11]]
  [1m[36mIngredient Load (0.3ms)[0m  [1m[34mSELECT "ingredients".* FROM "ingredients" ORDER BY "ingredients"."id" ASC LIMIT ?[0m  [["LIMIT", 1]]
  [1m[36mCookbook::Use Load (0.3ms)[0m  [1m[34mSELECT "cookbook_uses".* FROM "cookbook_uses" WHERE "cookbook_uses"."use_of_id" = ? AND "cookbook_uses"."use_of_type" = ? AND "cookbook_uses"."use_in_type" = ? /* loading for inspect */ LIMIT ?[0m  [["use_of_id", 1], ["use_of_type", "Ingredient"], ["use_in_type", "Recipe"], ["LIMIT", 11]]
  [1m[35m (1.6ms)[0m  [1m[34mSELECT sqlite_version(*)[0m
  [1m[36mIngredient Load (0.3ms)[0m  [1m[34mSELECT "ingredients".* FROM "ingredients" ORDER BY "ingredients"."id" ASC LIMIT ?[0m  [["LIMIT", 1]]
  [1m[36mCookbook::Use Load (0.4ms)[0m  [1m[34mSELECT "cookbook_uses".* FROM "cookbook_uses" WHERE "cookbook_uses"."use_of_id" = ? AND "cookbook_uses"."use_of_type" = ? AND "cookbook_uses"."use_in_type" = ? /* loading for inspect */ LIMIT ?[0m  [["use_of_id", 1], ["use_of_type", "Ingredient"], ["use_in_type", "Recipe"], ["LIMIT", 11]]
  [1m[36mCookbook::Use Load (0.4ms)[0m  [1m[34mSELECT "cookbook_uses".* FROM "cookbook_uses" WHERE "cookbook_uses"."use_of_id" = ? AND "cookbook_uses"."use_of_type" = ? /* loading for inspect */ LIMIT ?[0m  [["use_of_id", 1], ["use_of_type", "Ingredient"], ["LIMIT", 11]]
  [1m[36mIngredient Load (0.3ms)[0m  [1m[34mSELECT "ingredients".* FROM "ingredients" ORDER BY "ingredients"."id" ASC LIMIT ? OFFSET ?[0m  [["LIMIT", 1], ["OFFSET", 1]]
  [1m[36mCookbook::Use Load (0.2ms)[0m  [1m[34mSELECT "cookbook_uses".* FROM "cookbook_uses" WHERE "cookbook_uses"."use_of_id" = ? AND "cookbook_uses"."use_of_type" = ? /* loading for inspect */ LIMIT ?[0m  [["use_of_id", 2], ["use_of_type", "Ingredient"], ["LIMIT", 11]]
  [1m[36mIngredient Load (0.2ms)[0m  [1m[34mSELECT "ingredients".* FROM "ingredients" ORDER BY "ingredients"."id" ASC LIMIT ? OFFSET ?[0m  [["LIMIT", 1], ["OFFSET", 2]]
  [1m[36mCookbook::Use Load (0.2ms)[0m  [1m[34mSELECT "cookbook_uses".* FROM "cookbook_uses" WHERE "cookbook_uses"."use_of_id" = ? AND "cookbook_uses"."use_of_type" = ? /* loading for inspect */ LIMIT ?[0m  [["use_of_id", 3], ["use_of_type", "Ingredient"], ["LIMIT", 11]]
  [1m[36mIngredient Load (0.2ms)[0m  [1m[34mSELECT "ingredients".* FROM "ingredients" ORDER BY "ingredients"."id" ASC LIMIT ? OFFSET ?[0m  [["LIMIT", 1], ["OFFSET", 3]]
  [1m[36mCookbook::Use Load (0.3ms)[0m  [1m[34mSELECT "cookbook_uses".* FROM "cookbook_uses" WHERE "cookbook_uses"."use_of_id" = ? AND "cookbook_uses"."use_of_type" = ? /* loading for inspect */ LIMIT ?[0m  [["use_of_id", 4], ["use_of_type", "Ingredient"], ["LIMIT", 11]]
  [1m[36mCookbook::Use Load (0.3ms)[0m  [1m[34mSELECT "cookbook_uses".* FROM "cookbook_uses" WHERE "cookbook_uses"."use_of_id" = ? AND "cookbook_uses"."use_of_type" = ? AND "cookbook_uses"."use_in_type" = ? /* loading for inspect */ LIMIT ?[0m  [["use_of_id", 4], ["use_of_type", "Ingredient"], ["use_in_type", "Recipe"], ["LIMIT", 11]]
  [1m[36mRecipe Load (0.5ms)[0m  [1m[34mSELECT "recipes".* FROM "recipes" INNER JOIN "cookbook_uses" ON "recipes"."id" = "cookbook_uses"."use_in_id" WHERE "cookbook_uses"."use_of_id" = ? AND "cookbook_uses"."use_of_type" = ? AND "cookbook_uses"."use_in_type" = ? /* loading for inspect */ LIMIT ?[0m  [["use_of_id", 4], ["use_of_type", "Ingredient"], ["use_in_type", "Recipe"], ["LIMIT", 11]]
